<?xml version="1.0" encoding="UTF-8"?>
<!-- Generated by org.testng.reporters.JUnitReportReporter -->
<testsuite hostname="CHDSEZ301299D" name="foo.AppTest" tests="1" failures="0" timestamp="6 Oct 2015 06:48:05 GMT" time="24.309" errors="0">
  <testcase name="test1_Start" time="24.309" classname="foo.AppTest"/>
</testsuite>
